<?xml version="1.0" encoding="UTF-8"?>
<!-- Generated by org.testng.reporters.JUnitXMLReporter -->
<testsuite ignored="0" hostname="ASUS" failures="0" tests="7" name="Test" time="62.481" errors="0" timestamp="2024-02-03T20:22:56 IST">
  <testcase classname="testCases.TC_001_Account_RegistrationTest" name="verify_account_registration" time="4.214"/>
  <testcase classname="testCases.TC_002_LoginTest" name="verify_login" time="1.364"/>
  <testcase classname="testCases.TC_003_LoginDDT" name="verify_loginDDT" time="1.876"/>
  <testcase classname="testCases.TC_003_LoginDDT" name="verify_loginDDT" time="11.154"/>
  <testcase classname="testCases.TC_003_LoginDDT" name="verify_loginDDT" time="11.221"/>
  <testcase classname="testCases.TC_003_LoginDDT" name="verify_loginDDT" time="11.091"/>
  <testcase classname="testCases.TC_003_LoginDDT" name="verify_loginDDT" time="1.602"/>
</testsuite> <!-- Test -->
