<?xml version="1.0" encoding="UTF-8"?>
<!-- Generated by org.testng.reporters.JUnitXMLReporter -->
<testsuite ignored="0" hostname="ASUS" failures="0" tests="7" name="Test" time="56.6" errors="0" timestamp="2024-02-20T09:54:17 IST">
  <testcase classname="testCases.TC_001_Account_RegistrationTest" name="verify_account_registration" time="4.257"/>
  <testcase classname="testCases.TC_002_LoginTest" name="verify_login" time="1.927"/>
  <testcase classname="testCases.TC_003_LoginDDT" name="verify_loginDDT" time="1.87"/>
  <testcase classname="testCases.TC_003_LoginDDT" name="verify_loginDDT" time="11.11"/>
  <testcase classname="testCases.TC_003_LoginDDT" name="verify_loginDDT" time="11.159"/>
  <testcase classname="testCases.TC_003_LoginDDT" name="verify_loginDDT" time="10.985"/>
  <testcase classname="testCases.TC_003_LoginDDT" name="verify_loginDDT" time="1.671"/>
</testsuite> <!-- Test -->
