<?xml version="1.0" encoding="UTF-8"?>
<!-- Generated by org.testng.reporters.JUnitXMLReporter -->
<testsuite ignored="0" hostname="ASUS" failures="0" tests="7" name="Test" time="51.33" errors="0" timestamp="2024-01-29T20:10:40 IST">
  <testcase classname="testCases.TC_001_Account_RegistrationTest" name="verify_account_registration" time="3.864"/>
  <testcase classname="testCases.TC_002_LoginTest" name="verify_login" time="1.222"/>
  <testcase classname="testCases.TC_003_LoginDDT" name="verify_loginDDT" time="1.405"/>
  <testcase classname="testCases.TC_003_LoginDDT" name="verify_loginDDT" time="10.713"/>
  <testcase classname="testCases.TC_003_LoginDDT" name="verify_loginDDT" time="10.651"/>
  <testcase classname="testCases.TC_003_LoginDDT" name="verify_loginDDT" time="10.694"/>
  <testcase classname="testCases.TC_003_LoginDDT" name="verify_loginDDT" time="0.984"/>
</testsuite> <!-- Test -->
