<?xml version="1.0" encoding="UTF-8"?>
<testng-results ignored="0" total="7" passed="7" failed="0" skipped="0">
  <reporter-output>
  </reporter-output>
  <suite started-at="2024-02-20T09:53:19 IST" name="Suite" finished-at="2024-02-20T09:54:15 IST" duration-ms="56600">
    <groups>
      <group name="Regreassion">
        <method signature="TC_001_Account_RegistrationTest.verify_account_registration()[pri:0, instance:testCases.TC_001_Account_RegistrationTest@7e809b79]" name="verify_account_registration" class="testCases.TC_001_Account_RegistrationTest"/>
      </group> <!-- Regreassion -->
      <group name="sanity">
        <method signature="TC_002_LoginTest.verify_login()[pri:0, instance:testCases.TC_002_LoginTest@4fe89c24]" name="verify_login" class="testCases.TC_002_LoginTest"/>
      </group> <!-- sanity -->
      <group name="master">
        <method signature="TC_001_Account_RegistrationTest.verify_account_registration()[pri:0, instance:testCases.TC_001_Account_RegistrationTest@7e809b79]" name="verify_account_registration" class="testCases.TC_001_Account_RegistrationTest"/>
        <method signature="TC_002_LoginTest.verify_login()[pri:0, instance:testCases.TC_002_LoginTest@4fe89c24]" name="verify_login" class="testCases.TC_002_LoginTest"/>
      </group> <!-- master -->
    </groups>
    <test started-at="2024-02-20T09:53:19 IST" name="Test" finished-at="2024-02-20T09:54:15 IST" duration-ms="56600">
      <class name="testCases.TC_002_LoginTest">
        <test-method is-config="true" signature="setup(java.lang.String,java.lang.String)[pri:0, instance:testCases.TC_002_LoginTest@4fe89c24]" started-at="2024-02-20T09:53:28 IST" name="setup" finished-at="2024-02-20T09:53:31 IST" duration-ms="2985" status="PASS">
          <params>
            <param index="0">
              <value>
                <![CDATA[windows]]>
              </value>
            </param>
            <param index="1">
              <value>
                <![CDATA[chrome]]>
              </value>
            </param>
          </params>
          <reporter-output>
          </reporter-output>
        </test-method> <!-- setup -->
        <test-method signature="verify_login()[pri:0, instance:testCases.TC_002_LoginTest@4fe89c24]" started-at="2024-02-20T09:53:31 IST" name="verify_login" finished-at="2024-02-20T09:53:33 IST" duration-ms="1927" status="PASS">
          <reporter-output>
          </reporter-output>
        </test-method> <!-- verify_login -->
        <test-method is-config="true" signature="tearDown()[pri:0, instance:testCases.TC_002_LoginTest@4fe89c24]" started-at="2024-02-20T09:53:33 IST" name="tearDown" finished-at="2024-02-20T09:53:33 IST" duration-ms="124" status="PASS">
          <reporter-output>
          </reporter-output>
        </test-method> <!-- tearDown -->
      </class> <!-- testCases.TC_002_LoginTest -->
      <class name="testCases.TC_001_Account_RegistrationTest">
        <test-method is-config="true" signature="setup(java.lang.String,java.lang.String)[pri:0, instance:testCases.TC_001_Account_RegistrationTest@7e809b79]" started-at="2024-02-20T09:53:19 IST" name="setup" finished-at="2024-02-20T09:53:24 IST" duration-ms="4779" status="PASS">
          <params>
            <param index="0">
              <value>
                <![CDATA[windows]]>
              </value>
            </param>
            <param index="1">
              <value>
                <![CDATA[chrome]]>
              </value>
            </param>
          </params>
          <reporter-output>
          </reporter-output>
        </test-method> <!-- setup -->
        <test-method signature="verify_account_registration()[pri:0, instance:testCases.TC_001_Account_RegistrationTest@7e809b79]" started-at="2024-02-20T09:53:24 IST" name="verify_account_registration" finished-at="2024-02-20T09:53:28 IST" duration-ms="4257" status="PASS">
          <reporter-output>
          </reporter-output>
        </test-method> <!-- verify_account_registration -->
        <test-method is-config="true" signature="tearDown()[pri:0, instance:testCases.TC_001_Account_RegistrationTest@7e809b79]" started-at="2024-02-20T09:53:28 IST" name="tearDown" finished-at="2024-02-20T09:53:28 IST" duration-ms="170" status="PASS">
          <reporter-output>
          </reporter-output>
        </test-method> <!-- tearDown -->
      </class> <!-- testCases.TC_001_Account_RegistrationTest -->
      <class name="testCases.TC_003_LoginDDT">
        <test-method is-config="true" signature="setup(java.lang.String,java.lang.String)[pri:0, instance:testCases.TC_003_LoginDDT@55795845]" started-at="2024-02-20T09:53:33 IST" name="setup" finished-at="2024-02-20T09:53:36 IST" duration-ms="2743" status="PASS">
          <params>
            <param index="0">
              <value>
                <![CDATA[windows]]>
              </value>
            </param>
            <param index="1">
              <value>
                <![CDATA[chrome]]>
              </value>
            </param>
          </params>
          <reporter-output>
          </reporter-output>
        </test-method> <!-- setup -->
        <test-method signature="verify_loginDDT(java.lang.String,java.lang.String,java.lang.String)[pri:0, instance:testCases.TC_003_LoginDDT@55795845]" started-at="2024-02-20T09:53:38 IST" name="verify_loginDDT" data-provider="LoginData" finished-at="2024-02-20T09:53:40 IST" duration-ms="1870" status="PASS">
          <params>
            <param index="0">
              <value>
                <![CDATA[pavanoltraining@gmail.com]]>
              </value>
            </param>
            <param index="1">
              <value>
                <![CDATA[test@123]]>
              </value>
            </param>
            <param index="2">
              <value>
                <![CDATA[Valid]]>
              </value>
            </param>
          </params>
          <reporter-output>
          </reporter-output>
        </test-method> <!-- verify_loginDDT -->
        <test-method signature="verify_loginDDT(java.lang.String,java.lang.String,java.lang.String)[pri:0, instance:testCases.TC_003_LoginDDT@55795845]" started-at="2024-02-20T09:53:40 IST" name="verify_loginDDT" data-provider="LoginData" finished-at="2024-02-20T09:53:51 IST" duration-ms="11110" status="PASS">
          <params>
            <param index="0">
              <value>
                <![CDATA[lakshmi@yahoo.com]]>
              </value>
            </param>
            <param index="1">
              <value>
                <![CDATA[Laxmi]]>
              </value>
            </param>
            <param index="2">
              <value>
                <![CDATA[Invalid]]>
              </value>
            </param>
          </params>
          <reporter-output>
          </reporter-output>
        </test-method> <!-- verify_loginDDT -->
        <test-method signature="verify_loginDDT(java.lang.String,java.lang.String,java.lang.String)[pri:0, instance:testCases.TC_003_LoginDDT@55795845]" started-at="2024-02-20T09:53:51 IST" name="verify_loginDDT" data-provider="LoginData" finished-at="2024-02-20T09:54:03 IST" duration-ms="11159" status="PASS">
          <params>
            <param index="0">
              <value>
                <![CDATA[laksh@yahoo.com]]>
              </value>
            </param>
            <param index="1">
              <value>
                <![CDATA[Lakshmi]]>
              </value>
            </param>
            <param index="2">
              <value>
                <![CDATA[Invalid]]>
              </value>
            </param>
          </params>
          <reporter-output>
          </reporter-output>
        </test-method> <!-- verify_loginDDT -->
        <test-method signature="verify_loginDDT(java.lang.String,java.lang.String,java.lang.String)[pri:0, instance:testCases.TC_003_LoginDDT@55795845]" started-at="2024-02-20T09:54:03 IST" name="verify_loginDDT" data-provider="LoginData" finished-at="2024-02-20T09:54:14 IST" duration-ms="10985" status="PASS">
          <params>
            <param index="0">
              <value>
                <![CDATA[laks@yahoo.com]]>
              </value>
            </param>
            <param index="1">
              <value>
                <![CDATA[xyz]]>
              </value>
            </param>
            <param index="2">
              <value>
                <![CDATA[Invalid]]>
              </value>
            </param>
          </params>
          <reporter-output>
          </reporter-output>
        </test-method> <!-- verify_loginDDT -->
        <test-method signature="verify_loginDDT(java.lang.String,java.lang.String,java.lang.String)[pri:0, instance:testCases.TC_003_LoginDDT@55795845]" started-at="2024-02-20T09:54:14 IST" name="verify_loginDDT" data-provider="LoginData" finished-at="2024-02-20T09:54:15 IST" duration-ms="1671" status="PASS">
          <params>
            <param index="0">
              <value>
                <![CDATA[abc123@gmail.com]]>
              </value>
            </param>
            <param index="1">
              <value>
                <![CDATA[test@123]]>
              </value>
            </param>
            <param index="2">
              <value>
                <![CDATA[Valid]]>
              </value>
            </param>
          </params>
          <reporter-output>
          </reporter-output>
        </test-method> <!-- verify_loginDDT -->
        <test-method is-config="true" signature="tearDown()[pri:0, instance:testCases.TC_003_LoginDDT@55795845]" started-at="2024-02-20T09:54:15 IST" name="tearDown" finished-at="2024-02-20T09:54:15 IST" duration-ms="167" status="PASS">
          <reporter-output>
          </reporter-output>
        </test-method> <!-- tearDown -->
      </class> <!-- testCases.TC_003_LoginDDT -->
    </test> <!-- Test -->
  </suite> <!-- Suite -->
</testng-results>
