<?xml version="1.0" encoding="UTF-8"?>
<testng-results ignored="0" total="7" passed="7" failed="0" skipped="0">
  <reporter-output>
  </reporter-output>
  <suite started-at="2024-02-03T20:21:53 IST" name="Suite" finished-at="2024-02-03T20:22:55 IST" duration-ms="62481">
    <groups>
      <group name="Regreassion">
        <method signature="TC_001_Account_RegistrationTest.verify_account_registration()[pri:0, instance:testCases.TC_001_Account_RegistrationTest@3f23a3a0]" name="verify_account_registration" class="testCases.TC_001_Account_RegistrationTest"/>
      </group> <!-- Regreassion -->
      <group name="sanity">
        <method signature="TC_002_LoginTest.verify_login()[pri:0, instance:testCases.TC_002_LoginTest@25bcd0c7]" name="verify_login" class="testCases.TC_002_LoginTest"/>
      </group> <!-- sanity -->
      <group name="master">
        <method signature="TC_001_Account_RegistrationTest.verify_account_registration()[pri:0, instance:testCases.TC_001_Account_RegistrationTest@3f23a3a0]" name="verify_account_registration" class="testCases.TC_001_Account_RegistrationTest"/>
        <method signature="TC_002_LoginTest.verify_login()[pri:0, instance:testCases.TC_002_LoginTest@25bcd0c7]" name="verify_login" class="testCases.TC_002_LoginTest"/>
      </group> <!-- master -->
    </groups>
    <test started-at="2024-02-03T20:21:53 IST" name="Test" finished-at="2024-02-03T20:22:55 IST" duration-ms="62481">
      <class name="testCases.TC_002_LoginTest">
        <test-method is-config="true" signature="setup(java.lang.String,java.lang.String)[pri:0, instance:testCases.TC_002_LoginTest@25bcd0c7]" started-at="2024-02-03T20:22:03 IST" name="setup" finished-at="2024-02-03T20:22:07 IST" duration-ms="4396" status="PASS">
          <params>
            <param index="0">
              <value>
                <![CDATA[windows]]>
              </value>
            </param>
            <param index="1">
              <value>
                <![CDATA[chrome]]>
              </value>
            </param>
          </params>
          <reporter-output>
          </reporter-output>
        </test-method> <!-- setup -->
        <test-method signature="verify_login()[pri:0, instance:testCases.TC_002_LoginTest@25bcd0c7]" started-at="2024-02-03T20:22:07 IST" name="verify_login" finished-at="2024-02-03T20:22:09 IST" duration-ms="1364" status="PASS">
          <reporter-output>
          </reporter-output>
        </test-method> <!-- verify_login -->
        <test-method is-config="true" signature="tearDown()[pri:0, instance:testCases.TC_002_LoginTest@25bcd0c7]" started-at="2024-02-03T20:22:09 IST" name="tearDown" finished-at="2024-02-03T20:22:09 IST" duration-ms="137" status="PASS">
          <reporter-output>
          </reporter-output>
        </test-method> <!-- tearDown -->
      </class> <!-- testCases.TC_002_LoginTest -->
      <class name="testCases.TC_001_Account_RegistrationTest">
        <test-method is-config="true" signature="setup(java.lang.String,java.lang.String)[pri:0, instance:testCases.TC_001_Account_RegistrationTest@3f23a3a0]" started-at="2024-02-03T20:21:53 IST" name="setup" finished-at="2024-02-03T20:21:58 IST" duration-ms="5597" status="PASS">
          <params>
            <param index="0">
              <value>
                <![CDATA[windows]]>
              </value>
            </param>
            <param index="1">
              <value>
                <![CDATA[chrome]]>
              </value>
            </param>
          </params>
          <reporter-output>
          </reporter-output>
        </test-method> <!-- setup -->
        <test-method signature="verify_account_registration()[pri:0, instance:testCases.TC_001_Account_RegistrationTest@3f23a3a0]" started-at="2024-02-03T20:21:58 IST" name="verify_account_registration" finished-at="2024-02-03T20:22:03 IST" duration-ms="4214" status="PASS">
          <reporter-output>
          </reporter-output>
        </test-method> <!-- verify_account_registration -->
        <test-method is-config="true" signature="tearDown()[pri:0, instance:testCases.TC_001_Account_RegistrationTest@3f23a3a0]" started-at="2024-02-03T20:22:03 IST" name="tearDown" finished-at="2024-02-03T20:22:03 IST" duration-ms="252" status="PASS">
          <reporter-output>
          </reporter-output>
        </test-method> <!-- tearDown -->
      </class> <!-- testCases.TC_001_Account_RegistrationTest -->
      <class name="testCases.TC_003_LoginDDT">
        <test-method is-config="true" signature="setup(java.lang.String,java.lang.String)[pri:0, instance:testCases.TC_003_LoginDDT@32cb636e]" started-at="2024-02-03T20:22:09 IST" name="setup" finished-at="2024-02-03T20:22:16 IST" duration-ms="7488" status="PASS">
          <params>
            <param index="0">
              <value>
                <![CDATA[windows]]>
              </value>
            </param>
            <param index="1">
              <value>
                <![CDATA[chrome]]>
              </value>
            </param>
          </params>
          <reporter-output>
          </reporter-output>
        </test-method> <!-- setup -->
        <test-method signature="verify_loginDDT(java.lang.String,java.lang.String,java.lang.String)[pri:0, instance:testCases.TC_003_LoginDDT@32cb636e]" started-at="2024-02-03T20:22:18 IST" name="verify_loginDDT" data-provider="LoginData" finished-at="2024-02-03T20:22:20 IST" duration-ms="1876" status="PASS">
          <params>
            <param index="0">
              <value>
                <![CDATA[pavanoltraining@gmail.com]]>
              </value>
            </param>
            <param index="1">
              <value>
                <![CDATA[test@123]]>
              </value>
            </param>
            <param index="2">
              <value>
                <![CDATA[Valid]]>
              </value>
            </param>
          </params>
          <reporter-output>
          </reporter-output>
        </test-method> <!-- verify_loginDDT -->
        <test-method signature="verify_loginDDT(java.lang.String,java.lang.String,java.lang.String)[pri:0, instance:testCases.TC_003_LoginDDT@32cb636e]" started-at="2024-02-03T20:22:20 IST" name="verify_loginDDT" data-provider="LoginData" finished-at="2024-02-03T20:22:31 IST" duration-ms="11154" status="PASS">
          <params>
            <param index="0">
              <value>
                <![CDATA[lakshmi@yahoo.com]]>
              </value>
            </param>
            <param index="1">
              <value>
                <![CDATA[Laxmi]]>
              </value>
            </param>
            <param index="2">
              <value>
                <![CDATA[Invalid]]>
              </value>
            </param>
          </params>
          <reporter-output>
          </reporter-output>
        </test-method> <!-- verify_loginDDT -->
        <test-method signature="verify_loginDDT(java.lang.String,java.lang.String,java.lang.String)[pri:0, instance:testCases.TC_003_LoginDDT@32cb636e]" started-at="2024-02-03T20:22:31 IST" name="verify_loginDDT" data-provider="LoginData" finished-at="2024-02-03T20:22:42 IST" duration-ms="11221" status="PASS">
          <params>
            <param index="0">
              <value>
                <![CDATA[laksh@yahoo.com]]>
              </value>
            </param>
            <param index="1">
              <value>
                <![CDATA[Lakshmi]]>
              </value>
            </param>
            <param index="2">
              <value>
                <![CDATA[Invalid]]>
              </value>
            </param>
          </params>
          <reporter-output>
          </reporter-output>
        </test-method> <!-- verify_loginDDT -->
        <test-method signature="verify_loginDDT(java.lang.String,java.lang.String,java.lang.String)[pri:0, instance:testCases.TC_003_LoginDDT@32cb636e]" started-at="2024-02-03T20:22:42 IST" name="verify_loginDDT" data-provider="LoginData" finished-at="2024-02-03T20:22:53 IST" duration-ms="11091" status="PASS">
          <params>
            <param index="0">
              <value>
                <![CDATA[laks@yahoo.com]]>
              </value>
            </param>
            <param index="1">
              <value>
                <![CDATA[xyz]]>
              </value>
            </param>
            <param index="2">
              <value>
                <![CDATA[Invalid]]>
              </value>
            </param>
          </params>
          <reporter-output>
          </reporter-output>
        </test-method> <!-- verify_loginDDT -->
        <test-method signature="verify_loginDDT(java.lang.String,java.lang.String,java.lang.String)[pri:0, instance:testCases.TC_003_LoginDDT@32cb636e]" started-at="2024-02-03T20:22:53 IST" name="verify_loginDDT" data-provider="LoginData" finished-at="2024-02-03T20:22:55 IST" duration-ms="1602" status="PASS">
          <params>
            <param index="0">
              <value>
                <![CDATA[abc123@gmail.com]]>
              </value>
            </param>
            <param index="1">
              <value>
                <![CDATA[test@123]]>
              </value>
            </param>
            <param index="2">
              <value>
                <![CDATA[Valid]]>
              </value>
            </param>
          </params>
          <reporter-output>
          </reporter-output>
        </test-method> <!-- verify_loginDDT -->
        <test-method is-config="true" signature="tearDown()[pri:0, instance:testCases.TC_003_LoginDDT@32cb636e]" started-at="2024-02-03T20:22:55 IST" name="tearDown" finished-at="2024-02-03T20:22:55 IST" duration-ms="307" status="PASS">
          <reporter-output>
          </reporter-output>
        </test-method> <!-- tearDown -->
      </class> <!-- testCases.TC_003_LoginDDT -->
    </test> <!-- Test -->
  </suite> <!-- Suite -->
</testng-results>
